#
# There is insufficient memory for the Java Runtime Environment to continue.
# Native memory allocation (malloc) failed to allocate 1101136 bytes for Chunk::new
# Possible reasons:
#   The system is out of physical RAM or swap space
#   The process is running with CompressedOops enabled, and the Java Heap may be blocking the growth of the native heap
# Possible solutions:
#   Reduce memory load on the system
#   Increase physical memory or swap space
#   Check if swap backing store is full
#   Decrease Java heap size (-Xmx/-Xms)
#   Decrease number of Java threads
#   Decrease Java thread stack sizes (-Xss)
#   Set larger code cache with -XX:ReservedCodeCacheSize=
#   JVM is running with Unscaled Compressed Oops mode in which the Java heap is
#     placed in the first 4GB address space. The Java Heap base address is the
#     maximum limit for the native heap growth. Please use -XX:HeapBaseMinAddress
#     to set the Java Heap base and to place the Java Heap above 4GB virtual address.
# This output file may be truncated or incomplete.
#
#  Out of Memory Error (./open/src/hotspot/share/memory/arena.cpp:197), pid=6192, tid=9640
#
# JRE version: Java(TM) SE Runtime Environment 18.9 (11.0.10+8) (build 11.0.10+8-LTS-162)
# Java VM: Java HotSpot(TM) 64-Bit Server VM 18.9 (11.0.10+8-LTS-162, mixed mode, tiered, compressed oops, g1 gc, windows-amd64)
# No core dump will be written. Minidumps are not enabled by default on client versions of Windows
#

---------------  S U M M A R Y ------------

Command Line: -javaagent:D:\Program Files\JetBrains\IntelliJ IDEA Community Edition 2022.1.4\lib\idea_rt.jar=58598:D:\program files\JetBrains\IntelliJ IDEA Community Edition 2022.1.4\bin -Dfile.encoding=UTF-8 com.questApp.QuestAppApplication

Host: Intel(R) Core(TM) i5-8265U CPU @ 1.60GHz, 8 cores, 7G,  Windows 10 , 64 bit Build 18362 (10.0.18362.1500)
Time: Sat Mar  4 19:03:31 2023 Russia TZ 2 Standard Time elapsed time: 717.465720 seconds (0d 0h 11m 57s)

---------------  T H R E A D  ---------------

Current thread (0x0000026f448aa800):  JavaThread "C2 CompilerThread0" daemon [_thread_in_native, id=9640, stack(0x0000007f01500000,0x0000007f01600000)]


Current CompileTask:
C2: 717466 10765       4       org.springframework.web.servlet.DispatcherServlet::getHandler (58 bytes)

Stack: [0x0000007f01500000,0x0000007f01600000]
Native frames: (J=compiled Java code, j=interpreted, Vv=VM code, C=native code)
V  [jvm.dll+0x613e6a]
V  [jvm.dll+0x74c1ff]
V  [jvm.dll+0x74d885]
V  [jvm.dll+0x74df03]
V  [jvm.dll+0x243b78]
V  [jvm.dll+0xba2cc]
V  [jvm.dll+0xba9cc]
V  [jvm.dll+0x346982]
V  [jvm.dll+0x3147d3]
V  [jvm.dll+0x313b1a]
V  [jvm.dll+0x1fd395]
V  [jvm.dll+0x1fc54f]
V  [jvm.dll+0x17f09c]
V  [jvm.dll+0x20bbd4]
V  [jvm.dll+0x209cab]
V  [jvm.dll+0x713619]
V  [jvm.dll+0x70c314]
V  [jvm.dll+0x613036]
C  [ucrtbase.dll+0x210b2]
C  [KERNEL32.DLL+0x17c24]
C  [ntdll.dll+0x6d721]


---------------  P R O C E S S  ---------------

Threads class SMR info:
_java_thread_list=0x0000026f464f9aa0, length=33, elements={
0x0000026f43f3e800, 0x0000026f43f48800, 0x0000026f448a5000, 0x0000026f448a7800,
0x0000026f448aa800, 0x0000026f448b0000, 0x0000026f43f57000, 0x0000026f44a14000,
0x0000026f44e2e000, 0x0000026f44c53000, 0x0000026f4a3ff800, 0x0000026f4936d800,
0x0000026f49358800, 0x0000026f482b9000, 0x0000026f4b90a800, 0x0000026f4b90d000,
0x0000026f4b909000, 0x0000026f4b90e000, 0x0000026f4b90b800, 0x0000026f4b908000,
0x0000026f4b90a000, 0x0000026f4b90e800, 0x0000026f4b02a000, 0x0000026f4b02b800,
0x0000026f4b02b000, 0x0000026f4b02c800, 0x0000026f4b02d800, 0x0000026f4b02e000,
0x0000026f4b02f000, 0x0000026f4b030800, 0x0000026f4b031800, 0x0000026f4b032000,
0x0000026f4b029000
}

Java Threads: ( => current thread )
  0x0000026f43f3e800 JavaThread "Reference Handler" daemon [_thread_blocked, id=11164, stack(0x0000007f01100000,0x0000007f01200000)]
  0x0000026f43f48800 JavaThread "Finalizer" daemon [_thread_blocked, id=2612, stack(0x0000007f01200000,0x0000007f01300000)]
  0x0000026f448a5000 JavaThread "Signal Dispatcher" daemon [_thread_blocked, id=9476, stack(0x0000007f01300000,0x0000007f01400000)]
  0x0000026f448a7800 JavaThread "Attach Listener" daemon [_thread_blocked, id=2936, stack(0x0000007f01400000,0x0000007f01500000)]
=>0x0000026f448aa800 JavaThread "C2 CompilerThread0" daemon [_thread_in_native, id=9640, stack(0x0000007f01500000,0x0000007f01600000)]
  0x0000026f448b0000 JavaThread "C1 CompilerThread0" daemon [_thread_in_native, id=3200, stack(0x0000007f01600000,0x0000007f01700000)]
  0x0000026f43f57000 JavaThread "Sweeper thread" daemon [_thread_blocked, id=19164, stack(0x0000007f01700000,0x0000007f01800000)]
  0x0000026f44a14000 JavaThread "Common-Cleaner" daemon [_thread_blocked, id=8764, stack(0x0000007f01800000,0x0000007f01900000)]
  0x0000026f44e2e000 JavaThread "Monitor Ctrl-Break" daemon [_thread_in_native, id=18832, stack(0x0000007f01a00000,0x0000007f01b00000)]
  0x0000026f44c53000 JavaThread "Service Thread" daemon [_thread_blocked, id=3152, stack(0x0000007f01b00000,0x0000007f01c00000)]
  0x0000026f4a3ff800 JavaThread "Catalina-utility-1" [_thread_blocked, id=19524, stack(0x0000007f02800000,0x0000007f02900000)]
  0x0000026f4936d800 JavaThread "Catalina-utility-2" [_thread_blocked, id=19724, stack(0x0000007f02900000,0x0000007f02a00000)]
  0x0000026f49358800 JavaThread "container-0" [_thread_blocked, id=14492, stack(0x0000007f02a00000,0x0000007f02b00000)]
  0x0000026f482b9000 JavaThread "HikariPool-1 housekeeper" daemon [_thread_blocked, id=19684, stack(0x0000007f02c00000,0x0000007f02d00000)]
  0x0000026f4b90a800 JavaThread "File Watcher" daemon [_thread_blocked, id=19828, stack(0x0000007f02e00000,0x0000007f02f00000)]
  0x0000026f4b90d000 JavaThread "Live Reload Server" daemon [_thread_in_native, id=11352, stack(0x0000007f03000000,0x0000007f03100000)]
  0x0000026f4b909000 JavaThread "http-nio-8080-exec-1" daemon [_thread_blocked, id=15656, stack(0x0000007f02f00000,0x0000007f03000000)]
  0x0000026f4b90e000 JavaThread "http-nio-8080-exec-2" daemon [_thread_blocked, id=13304, stack(0x0000007f03100000,0x0000007f03200000)]
  0x0000026f4b90b800 JavaThread "http-nio-8080-exec-3" daemon [_thread_blocked, id=20344, stack(0x0000007f03200000,0x0000007f03300000)]
  0x0000026f4b908000 JavaThread "http-nio-8080-exec-4" daemon [_thread_blocked, id=19176, stack(0x0000007f03300000,0x0000007f03400000)]
  0x0000026f4b90a000 JavaThread "http-nio-8080-exec-5" daemon [_thread_blocked, id=19048, stack(0x0000007f03400000,0x0000007f03500000)]
  0x0000026f4b90e800 JavaThread "http-nio-8080-exec-6" daemon [_thread_in_Java, id=18540, stack(0x0000007f03500000,0x0000007f03600000)]
  0x0000026f4b02a000 JavaThread "http-nio-8080-exec-7" daemon [_thread_blocked, id=18636, stack(0x0000007f03600000,0x0000007f03700000)]
  0x0000026f4b02b800 JavaThread "http-nio-8080-exec-8" daemon [_thread_blocked, id=14056, stack(0x0000007f03700000,0x0000007f03800000)]
  0x0000026f4b02b000 JavaThread "http-nio-8080-exec-9" daemon [_thread_blocked, id=4188, stack(0x0000007f03800000,0x0000007f03900000)]
  0x0000026f4b02c800 JavaThread "http-nio-8080-exec-10" daemon [_thread_blocked, id=17956, stack(0x0000007f03900000,0x0000007f03a00000)]
  0x0000026f4b02d800 JavaThread "http-nio-8080-Poller" daemon [_thread_in_native, id=15020, stack(0x0000007f03a00000,0x0000007f03b00000)]
  0x0000026f4b02e000 JavaThread "http-nio-8080-Acceptor" daemon [_thread_in_native, id=17104, stack(0x0000007f03b00000,0x0000007f03c00000)]
  0x0000026f4b02f000 JavaThread "DestroyJavaVM" [_thread_blocked, id=10268, stack(0x0000007f00a00000,0x0000007f00b00000)]
  0x0000026f4b030800 JavaThread "http-nio-8080-exec-11" daemon [_thread_blocked, id=12268, stack(0x0000007f00700000,0x0000007f00800000)]
  0x0000026f4b031800 JavaThread "http-nio-8080-exec-12" daemon [_thread_blocked, id=16580, stack(0x0000007f00800000,0x0000007f00900000)]
  0x0000026f4b032000 JavaThread "HikariPool-1 connection adder" daemon [_thread_blocked, id=13868, stack(0x0000007f01900000,0x0000007f01a00000)]
  0x0000026f4b029000 JavaThread "HikariPool-1 connection closer" daemon [_thread_blocked, id=15076, stack(0x0000007f00900000,0x0000007f00a00000)]

Other Threads:
  0x0000026f43f1a000 VMThread "VM Thread" [stack: 0x0000007f01000000,0x0000007f01100000] [id=12160]
  0x0000026f44e2f000 WatcherThread [stack: 0x0000007f01c00000,0x0000007f01d00000] [id=18916]
  0x0000026f2522c800 GCTaskThread "GC Thread#0" [stack: 0x0000007f00b00000,0x0000007f00c00000] [id=13828]
  0x0000026f451cb000 GCTaskThread "GC Thread#1" [stack: 0x0000007f01d00000,0x0000007f01e00000] [id=19140]
  0x0000026f451cc000 GCTaskThread "GC Thread#2" [stack: 0x0000007f01e00000,0x0000007f01f00000] [id=16920]
  0x0000026f45a18800 GCTaskThread "GC Thread#3" [stack: 0x0000007f02200000,0x0000007f02300000] [id=3732]
  0x0000026f45a0c000 GCTaskThread "GC Thread#4" [stack: 0x0000007f02300000,0x0000007f02400000] [id=17000]
  0x0000026f45be6800 GCTaskThread "GC Thread#5" [stack: 0x0000007f02400000,0x0000007f02500000] [id=19076]
  0x0000026f45bcf000 GCTaskThread "GC Thread#6" [stack: 0x0000007f02500000,0x0000007f02600000] [id=8248]
  0x0000026f459f9000 GCTaskThread "GC Thread#7" [stack: 0x0000007f02600000,0x0000007f02700000] [id=4452]
  0x0000026f2318e000 ConcurrentGCThread "G1 Main Marker" [stack: 0x0000007f00c00000,0x0000007f00d00000] [id=15684]
  0x0000026f2525a800 ConcurrentGCThread "G1 Conc#0" [stack: 0x0000007f00d00000,0x0000007f00e00000] [id=732]
  0x0000026f45b0f800 ConcurrentGCThread "G1 Conc#1" [stack: 0x0000007f02700000,0x0000007f02800000] [id=11664]
  0x0000026f252de800 ConcurrentGCThread "G1 Refine#0" [stack: 0x0000007f00e00000,0x0000007f00f00000] [id=17628]
  0x0000026f43d82800 ConcurrentGCThread "G1 Young RemSet Sampling" [stack: 0x0000007f00f00000,0x0000007f01000000] [id=17132]

Threads with active compile tasks:
C2 CompilerThread0 717576 10765       4       org.springframework.web.servlet.DispatcherServlet::getHandler (58 bytes)

VM state:not at safepoint (normal execution)

VM Mutex/Monitor currently owned by a thread: None

Heap address: 0x0000000081c00000, size: 2020 MB, Compressed Oops mode: 32-bit
Narrow klass base: 0x0000000000000000, Narrow klass shift: 3
Compressed class space size: 1073741824 Address: 0x0000000100000000

Heap:
 garbage-first heap   total 157696K, used 103640K [0x0000000081c00000, 0x0000000100000000)
  region size 1024K, 79 young (80896K), 2 survivors (2048K)
 Metaspace       used 69413K, capacity 71373K, committed 71680K, reserved 1112064K
  class space    used 8375K, capacity 9135K, committed 9216K, reserved 1048576K
Heap Regions: E=young(eden), S=young(survivor), O=old, HS=humongous(starts), HC=humongous(continues), CS=collection set, F=free, A=archive, TAMS=top-at-mark-start (previous, next)
|   0|0x0000000081c00000, 0x0000000081d00000, 0x0000000081d00000|100%|HS|  |TAMS 0x0000000081d00000, 0x0000000081c00000| Complete 
|   1|0x0000000081d00000, 0x0000000081e00000, 0x0000000081e00000|100%| O|  |TAMS 0x0000000081e00000, 0x0000000081d00000| Untracked 
|   2|0x0000000081e00000, 0x0000000081f00000, 0x0000000081f00000|100%| O|  |TAMS 0x0000000081f00000, 0x0000000081e00000| Untracked 
|   3|0x0000000081f00000, 0x0000000082000000, 0x0000000082000000|100%| O|  |TAMS 0x0000000082000000, 0x0000000081f00000| Untracked 
|   4|0x0000000082000000, 0x0000000082100000, 0x0000000082100000|100%| O|  |TAMS 0x0000000082100000, 0x0000000082000000| Untracked 
|   5|0x0000000082100000, 0x0000000082200000, 0x0000000082200000|100%| O|  |TAMS 0x0000000082200000, 0x0000000082100000| Untracked 
|   6|0x0000000082200000, 0x0000000082300000, 0x0000000082300000|100%| O|  |TAMS 0x0000000082300000, 0x0000000082200000| Untracked 
|   7|0x0000000082300000, 0x0000000082400000, 0x0000000082400000|100%| O|  |TAMS 0x0000000082400000, 0x0000000082300000| Untracked 
|   8|0x0000000082400000, 0x0000000082500000, 0x0000000082500000|100%| O|  |TAMS 0x0000000082500000, 0x0000000082400000| Untracked 
|   9|0x0000000082500000, 0x0000000082600000, 0x0000000082600000|100%| O|  |TAMS 0x0000000082600000, 0x0000000082500000| Untracked 
|  10|0x0000000082600000, 0x0000000082700000, 0x0000000082700000|100%| O|  |TAMS 0x0000000082700000, 0x0000000082600000| Untracked 
|  11|0x0000000082700000, 0x0000000082800000, 0x0000000082800000|100%| O|  |TAMS 0x0000000082800000, 0x0000000082700000| Untracked 
|  12|0x0000000082800000, 0x0000000082900000, 0x0000000082900000|100%| O|  |TAMS 0x0000000082900000, 0x0000000082800000| Untracked 
|  13|0x0000000082900000, 0x0000000082a00000, 0x0000000082a00000|100%| O|  |TAMS 0x0000000082a00000, 0x0000000082900000| Untracked 
|  14|0x0000000082a00000, 0x0000000082b00000, 0x0000000082b00000|100%| O|  |TAMS 0x0000000082b00000, 0x0000000082a00000| Untracked 
|  15|0x0000000082b00000, 0x0000000082c00000, 0x0000000082c00000|100%| O|  |TAMS 0x0000000082c00000, 0x0000000082b00000| Untracked 
|  16|0x0000000082c00000, 0x0000000082d00000, 0x0000000082d00000|100%| O|  |TAMS 0x0000000082ce3a00, 0x0000000082c00000| Untracked 
|  17|0x0000000082d00000, 0x0000000082e00000, 0x0000000082e00000|100%| O|  |TAMS 0x0000000082d00000, 0x0000000082d00000| Untracked 
|  18|0x0000000082e00000, 0x0000000082f00000, 0x0000000082f00000|100%| O|  |TAMS 0x0000000082e00000, 0x0000000082e00000| Untracked 
|  19|0x0000000082f00000, 0x0000000083000000, 0x0000000083000000|100%| O|  |TAMS 0x0000000082f00000, 0x0000000082f00000| Untracked 
|  20|0x0000000083000000, 0x0000000083100000, 0x0000000083100000|100%| O|  |TAMS 0x0000000083000000, 0x0000000083000000| Untracked 
|  21|0x0000000083100000, 0x0000000083200000, 0x0000000083200000|100%| O|  |TAMS 0x0000000083100000, 0x0000000083100000| Untracked 
|  22|0x0000000083200000, 0x0000000083300000, 0x0000000083300000|100%| O|  |TAMS 0x0000000083200000, 0x0000000083200000| Untracked 
|  23|0x0000000083300000, 0x0000000083400000, 0x0000000083400000|100%| O|  |TAMS 0x0000000083300000, 0x0000000083300000| Untracked 
|  24|0x0000000083400000, 0x00000000834aac00, 0x0000000083500000| 66%| O|  |TAMS 0x0000000083400000, 0x0000000083400000| Untracked 
|  25|0x0000000083500000, 0x0000000083500000, 0x0000000083600000|  0%| F|  |TAMS 0x0000000083500000, 0x0000000083500000| Untracked 
|  26|0x0000000083600000, 0x0000000083600000, 0x0000000083700000|  0%| F|  |TAMS 0x0000000083600000, 0x0000000083600000| Untracked 
|  27|0x0000000083700000, 0x0000000083700000, 0x0000000083800000|  0%| F|  |TAMS 0x0000000083700000, 0x0000000083700000| Untracked 
|  28|0x0000000083800000, 0x0000000083800000, 0x0000000083900000|  0%| F|  |TAMS 0x0000000083800000, 0x0000000083800000| Untracked 
|  29|0x0000000083900000, 0x0000000083900000, 0x0000000083a00000|  0%| F|  |TAMS 0x0000000083900000, 0x0000000083900000| Untracked 
|  30|0x0000000083a00000, 0x0000000083a00000, 0x0000000083b00000|  0%| F|  |TAMS 0x0000000083a00000, 0x0000000083a00000| Untracked 
|  31|0x0000000083b00000, 0x0000000083b00000, 0x0000000083c00000|  0%| F|  |TAMS 0x0000000083b00000, 0x0000000083b00000| Untracked 
|  32|0x0000000083c00000, 0x0000000083c00000, 0x0000000083d00000|  0%| F|  |TAMS 0x0000000083c00000, 0x0000000083c00000| Untracked 
|  33|0x0000000083d00000, 0x0000000083d00000, 0x0000000083e00000|  0%| F|  |TAMS 0x0000000083d00000, 0x0000000083d00000| Untracked 
|  34|0x0000000083e00000, 0x0000000083e00000, 0x0000000083f00000|  0%| F|  |TAMS 0x0000000083e00000, 0x0000000083e00000| Untracked 
|  35|0x0000000083f00000, 0x0000000083f00000, 0x0000000084000000|  0%| F|  |TAMS 0x0000000083f00000, 0x0000000083f00000| Untracked 
|  36|0x0000000084000000, 0x0000000084000000, 0x0000000084100000|  0%| F|  |TAMS 0x0000000084000000, 0x0000000084000000| Untracked 
|  37|0x0000000084100000, 0x0000000084100000, 0x0000000084200000|  0%| F|  |TAMS 0x0000000084100000, 0x0000000084100000| Untracked 
|  38|0x0000000084200000, 0x0000000084200000, 0x0000000084300000|  0%| F|  |TAMS 0x0000000084200000, 0x0000000084200000| Untracked 
|  39|0x0000000084300000, 0x0000000084300000, 0x0000000084400000|  0%| F|  |TAMS 0x0000000084300000, 0x0000000084300000| Untracked 
|  40|0x0000000084400000, 0x0000000084400000, 0x0000000084500000|  0%| F|  |TAMS 0x0000000084400000, 0x0000000084400000| Untracked 
|  41|0x0000000084500000, 0x0000000084500000, 0x0000000084600000|  0%| F|  |TAMS 0x0000000084500000, 0x0000000084500000| Untracked 
|  42|0x0000000084600000, 0x0000000084600000, 0x0000000084700000|  0%| F|  |TAMS 0x0000000084600000, 0x0000000084600000| Untracked 
|  43|0x0000000084700000, 0x0000000084700000, 0x0000000084800000|  0%| F|  |TAMS 0x0000000084700000, 0x0000000084700000| Untracked 
|  44|0x0000000084800000, 0x0000000084800000, 0x0000000084900000|  0%| F|  |TAMS 0x0000000084800000, 0x0000000084800000| Untracked 
|  45|0x0000000084900000, 0x0000000084900000, 0x0000000084a00000|  0%| F|  |TAMS 0x0000000084900000, 0x0000000084900000| Untracked 
|  46|0x0000000084a00000, 0x0000000084a00000, 0x0000000084b00000|  0%| F|  |TAMS 0x0000000084a00000, 0x0000000084a00000| Untracked 
|  47|0x0000000084b00000, 0x0000000084b00000, 0x0000000084c00000|  0%| F|  |TAMS 0x0000000084b00000, 0x0000000084b00000| Untracked 
|  48|0x0000000084c00000, 0x0000000084c00000, 0x0000000084d00000|  0%| F|  |TAMS 0x0000000084c00000, 0x0000000084c00000| Untracked 
|  49|0x0000000084d00000, 0x0000000084d00000, 0x0000000084e00000|  0%| F|  |TAMS 0x0000000084d00000, 0x0000000084d00000| Untracked 
|  50|0x0000000084e00000, 0x0000000084e00000, 0x0000000084f00000|  0%| F|  |TAMS 0x0000000084e00000, 0x0000000084e00000| Untracked 
|  51|0x0000000084f00000, 0x0000000084f00000, 0x0000000085000000|  0%| F|  |TAMS 0x0000000084f00000, 0x0000000084f00000| Untracked 
|  52|0x0000000085000000, 0x0000000085000000, 0x0000000085100000|  0%| F|  |TAMS 0x0000000085000000, 0x0000000085000000| Untracked 
|  53|0x0000000085100000, 0x0000000085100000, 0x0000000085200000|  0%| F|  |TAMS 0x0000000085100000, 0x0000000085100000| Untracked 
|  54|0x0000000085200000, 0x0000000085200000, 0x0000000085300000|  0%| F|  |TAMS 0x0000000085200000, 0x0000000085200000| Untracked 
|  55|0x0000000085300000, 0x0000000085300000, 0x0000000085400000|  0%| F|  |TAMS 0x0000000085300000, 0x0000000085300000| Untracked 
|  56|0x0000000085400000, 0x0000000085400000, 0x0000000085500000|  0%| F|  |TAMS 0x0000000085400000, 0x0000000085400000| Untracked 
|  57|0x0000000085500000, 0x0000000085500000, 0x0000000085600000|  0%| F|  |TAMS 0x0000000085500000, 0x0000000085500000| Untracked 
|  58|0x0000000085600000, 0x0000000085600000, 0x0000000085700000|  0%| F|  |TAMS 0x0000000085600000, 0x0000000085600000| Untracked 
|  59|0x0000000085700000, 0x0000000085700000, 0x0000000085800000|  0%| F|  |TAMS 0x0000000085700000, 0x0000000085700000| Untracked 
|  60|0x0000000085800000, 0x0000000085800000, 0x0000000085900000|  0%| F|  |TAMS 0x0000000085800000, 0x0000000085800000| Untracked 
|  61|0x0000000085900000, 0x0000000085900000, 0x0000000085a00000|  0%| F|  |TAMS 0x0000000085900000, 0x0000000085900000| Untracked 
|  62|0x0000000085a00000, 0x0000000085a00000, 0x0000000085b00000|  0%| F|  |TAMS 0x0000000085a00000, 0x0000000085a00000| Untracked 
|  63|0x0000000085b00000, 0x0000000085b00000, 0x0000000085c00000|  0%| F|  |TAMS 0x0000000085b00000, 0x0000000085b00000| Untracked 
|  64|0x0000000085c00000, 0x0000000085c8b420, 0x0000000085d00000| 54%| S|CS|TAMS 0x0000000085c00000, 0x0000000085c00000| Complete 
|  65|0x0000000085d00000, 0x0000000085e00000, 0x0000000085e00000|100%| S|CS|TAMS 0x0000000085d00000, 0x0000000085d00000| Complete 
|  66|0x0000000085e00000, 0x0000000085e00000, 0x0000000085f00000|  0%| F|  |TAMS 0x0000000085e00000, 0x0000000085e00000| Untracked 
|  67|0x0000000085f00000, 0x0000000085f00000, 0x0000000086000000|  0%| F|  |TAMS 0x0000000085f00000, 0x0000000085f00000| Untracked 
|  68|0x0000000086000000, 0x0000000086000000, 0x0000000086100000|  0%| F|  |TAMS 0x0000000086000000, 0x0000000086000000| Untracked 
|  69|0x0000000086100000, 0x0000000086100000, 0x0000000086200000|  0%| F|  |TAMS 0x0000000086100000, 0x0000000086100000| Untracked 
|  70|0x0000000086200000, 0x0000000086200000, 0x0000000086300000|  0%| F|  |TAMS 0x0000000086200000, 0x0000000086200000| Untracked 
|  71|0x0000000086300000, 0x0000000086300000, 0x0000000086400000|  0%| F|  |TAMS 0x0000000086300000, 0x0000000086300000| Untracked 
|  72|0x0000000086400000, 0x0000000086400000, 0x0000000086500000|  0%| F|  |TAMS 0x0000000086400000, 0x0000000086400000| Untracked 
|  73|0x0000000086500000, 0x0000000086500000, 0x0000000086600000|  0%| F|  |TAMS 0x0000000086500000, 0x0000000086500000| Untracked 
|  74|0x0000000086600000, 0x0000000086600000, 0x0000000086700000|  0%| F|  |TAMS 0x0000000086600000, 0x0000000086600000| Untracked 
|  75|0x0000000086700000, 0x0000000086700000, 0x0000000086800000|  0%| F|  |TAMS 0x0000000086700000, 0x0000000086700000| Untracked 
|  76|0x0000000086800000, 0x0000000086800000, 0x0000000086900000|  0%| F|  |TAMS 0x0000000086800000, 0x0000000086800000| Untracked 
|  77|0x0000000086900000, 0x0000000086a00000, 0x0000000086a00000|100%| E|  |TAMS 0x0000000086900000, 0x0000000086900000| Complete 
|  78|0x0000000086a00000, 0x0000000086b00000, 0x0000000086b00000|100%| E|CS|TAMS 0x0000000086a00000, 0x0000000086a00000| Complete 
|  79|0x0000000086b00000, 0x0000000086c00000, 0x0000000086c00000|100%| E|  |TAMS 0x0000000086b00000, 0x0000000086b00000| Complete 
|  80|0x0000000086c00000, 0x0000000086d00000, 0x0000000086d00000|100%| E|CS|TAMS 0x0000000086c00000, 0x0000000086c00000| Complete 
|  81|0x0000000086d00000, 0x0000000086e00000, 0x0000000086e00000|100%| E|CS|TAMS 0x0000000086d00000, 0x0000000086d00000| Complete 
|  82|0x0000000086e00000, 0x0000000086f00000, 0x0000000086f00000|100%| E|CS|TAMS 0x0000000086e00000, 0x0000000086e00000| Complete 
|  83|0x0000000086f00000, 0x0000000087000000, 0x0000000087000000|100%| E|CS|TAMS 0x0000000086f00000, 0x0000000086f00000| Complete 
|  84|0x0000000087000000, 0x0000000087100000, 0x0000000087100000|100%| E|CS|TAMS 0x0000000087000000, 0x0000000087000000| Complete 
|  85|0x0000000087100000, 0x0000000087200000, 0x0000000087200000|100%| E|CS|TAMS 0x0000000087100000, 0x0000000087100000| Complete 
|  86|0x0000000087200000, 0x0000000087300000, 0x0000000087300000|100%| E|CS|TAMS 0x0000000087200000, 0x0000000087200000| Complete 
|  87|0x0000000087300000, 0x0000000087400000, 0x0000000087400000|100%| E|CS|TAMS 0x0000000087300000, 0x0000000087300000| Complete 
|  88|0x0000000087400000, 0x0000000087500000, 0x0000000087500000|100%| E|CS|TAMS 0x0000000087400000, 0x0000000087400000| Complete 
|  89|0x0000000087500000, 0x0000000087600000, 0x0000000087600000|100%| E|CS|TAMS 0x0000000087500000, 0x0000000087500000| Complete 
|  90|0x0000000087600000, 0x0000000087700000, 0x0000000087700000|100%| E|CS|TAMS 0x0000000087600000, 0x0000000087600000| Complete 
|  91|0x0000000087700000, 0x0000000087800000, 0x0000000087800000|100%| E|CS|TAMS 0x0000000087700000, 0x0000000087700000| Complete 
|  92|0x0000000087800000, 0x0000000087900000, 0x0000000087900000|100%| E|CS|TAMS 0x0000000087800000, 0x0000000087800000| Complete 
|  93|0x0000000087900000, 0x0000000087a00000, 0x0000000087a00000|100%| E|CS|TAMS 0x0000000087900000, 0x0000000087900000| Complete 
|  94|0x0000000087a00000, 0x0000000087b00000, 0x0000000087b00000|100%| E|CS|TAMS 0x0000000087a00000, 0x0000000087a00000| Complete 
|  95|0x0000000087b00000, 0x0000000087c00000, 0x0000000087c00000|100%| E|CS|TAMS 0x0000000087b00000, 0x0000000087b00000| Complete 
|  96|0x0000000087c00000, 0x0000000087d00000, 0x0000000087d00000|100%| E|CS|TAMS 0x0000000087c00000, 0x0000000087c00000| Complete 
|  97|0x0000000087d00000, 0x0000000087e00000, 0x0000000087e00000|100%| E|CS|TAMS 0x0000000087d00000, 0x0000000087d00000| Complete 
|  98|0x0000000087e00000, 0x0000000087f00000, 0x0000000087f00000|100%| E|CS|TAMS 0x0000000087e00000, 0x0000000087e00000| Complete 
|  99|0x0000000087f00000, 0x0000000088000000, 0x0000000088000000|100%| E|CS|TAMS 0x0000000087f00000, 0x0000000087f00000| Complete 
| 100|0x0000000088000000, 0x0000000088100000, 0x0000000088100000|100%| E|CS|TAMS 0x0000000088000000, 0x0000000088000000| Complete 
| 101|0x0000000088100000, 0x0000000088200000, 0x0000000088200000|100%| E|CS|TAMS 0x0000000088100000, 0x0000000088100000| Complete 
| 102|0x0000000088200000, 0x0000000088300000, 0x0000000088300000|100%| E|CS|TAMS 0x0000000088200000, 0x0000000088200000| Complete 
| 103|0x0000000088300000, 0x0000000088400000, 0x0000000088400000|100%| E|CS|TAMS 0x0000000088300000, 0x0000000088300000| Complete 
| 104|0x0000000088400000, 0x0000000088500000, 0x0000000088500000|100%| E|CS|TAMS 0x0000000088400000, 0x0000000088400000| Complete 
| 105|0x0000000088500000, 0x0000000088600000, 0x0000000088600000|100%| E|CS|TAMS 0x0000000088500000, 0x0000000088500000| Complete 
| 106|0x0000000088600000, 0x0000000088700000, 0x0000000088700000|100%| E|CS|TAMS 0x0000000088600000, 0x0000000088600000| Complete 
| 107|0x0000000088700000, 0x0000000088800000, 0x0000000088800000|100%| E|CS|TAMS 0x0000000088700000, 0x0000000088700000| Complete 
| 108|0x0000000088800000, 0x0000000088900000, 0x0000000088900000|100%| E|CS|TAMS 0x0000000088800000, 0x0000000088800000| Complete 
| 109|0x0000000088900000, 0x0000000088a00000, 0x0000000088a00000|100%| E|CS|TAMS 0x0000000088900000, 0x0000000088900000| Complete 
| 110|0x0000000088a00000, 0x0000000088b00000, 0x0000000088b00000|100%| E|CS|TAMS 0x0000000088a00000, 0x0000000088a00000| Complete 
| 111|0x0000000088b00000, 0x0000000088c00000, 0x0000000088c00000|100%| E|CS|TAMS 0x0000000088b00000, 0x0000000088b00000| Complete 
| 112|0x0000000088c00000, 0x0000000088d00000, 0x0000000088d00000|100%| E|CS|TAMS 0x0000000088c00000, 0x0000000088c00000| Complete 
| 113|0x0000000088d00000, 0x0000000088e00000, 0x0000000088e00000|100%| E|CS|TAMS 0x0000000088d00000, 0x0000000088d00000| Complete 
| 114|0x0000000088e00000, 0x0000000088f00000, 0x0000000088f00000|100%| E|CS|TAMS 0x0000000088e00000, 0x0000000088e00000| Complete 
| 115|0x0000000088f00000, 0x0000000089000000, 0x0000000089000000|100%| E|CS|TAMS 0x0000000088f00000, 0x0000000088f00000| Complete 
| 116|0x0000000089000000, 0x0000000089100000, 0x0000000089100000|100%| E|CS|TAMS 0x0000000089000000, 0x0000000089000000| Complete 
| 117|0x0000000089100000, 0x0000000089200000, 0x0000000089200000|100%| E|CS|TAMS 0x0000000089100000, 0x0000000089100000| Complete 
| 118|0x0000000089200000, 0x0000000089300000, 0x0000000089300000|100%| E|CS|TAMS 0x0000000089200000, 0x0000000089200000| Complete 
| 119|0x0000000089300000, 0x0000000089400000, 0x0000000089400000|100%| E|CS|TAMS 0x0000000089300000, 0x0000000089300000| Complete 
| 120|0x0000000089400000, 0x0000000089500000, 0x0000000089500000|100%| E|CS|TAMS 0x0000000089400000, 0x0000000089400000| Complete 
| 121|0x0000000089500000, 0x0000000089600000, 0x0000000089600000|100%| E|CS|TAMS 0x0000000089500000, 0x0000000089500000| Complete 
| 122|0x0000000089600000, 0x0000000089700000, 0x0000000089700000|100%| E|CS|TAMS 0x0000000089600000, 0x0000000089600000| Complete 
| 123|0x0000000089700000, 0x0000000089800000, 0x0000000089800000|100%| E|CS|TAMS 0x0000000089700000, 0x0000000089700000| Complete 
| 124|0x0000000089800000, 0x0000000089900000, 0x0000000089900000|100%| E|CS|TAMS 0x0000000089800000, 0x0000000089800000| Complete 
| 125|0x0000000089900000, 0x0000000089a00000, 0x0000000089a00000|100%| E|CS|TAMS 0x0000000089900000, 0x0000000089900000| Complete 
| 126|0x0000000089a00000, 0x0000000089b00000, 0x0000000089b00000|100%| E|CS|TAMS 0x0000000089a00000, 0x0000000089a00000| Complete 
| 127|0x0000000089b00000, 0x0000000089c00000, 0x0000000089c00000|100%| E|CS|TAMS 0x0000000089b00000, 0x0000000089b00000| Complete 
| 128|0x0000000089c00000, 0x0000000089d00000, 0x0000000089d00000|100%| E|CS|TAMS 0x0000000089c00000, 0x0000000089c00000| Complete 
| 129|0x0000000089d00000, 0x0000000089e00000, 0x0000000089e00000|100%| E|CS|TAMS 0x0000000089d00000, 0x0000000089d00000| Complete 
| 130|0x0000000089e00000, 0x0000000089f00000, 0x0000000089f00000|100%| E|CS|TAMS 0x0000000089e00000, 0x0000000089e00000| Complete 
| 131|0x0000000089f00000, 0x000000008a000000, 0x000000008a000000|100%| E|CS|TAMS 0x0000000089f00000, 0x0000000089f00000| Complete 
| 132|0x000000008a000000, 0x000000008a100000, 0x000000008a100000|100%| E|CS|TAMS 0x000000008a000000, 0x000000008a000000| Complete 
| 133|0x000000008a100000, 0x000000008a200000, 0x000000008a200000|100%| E|CS|TAMS 0x000000008a100000, 0x000000008a100000| Complete 
| 134|0x000000008a200000, 0x000000008a300000, 0x000000008a300000|100%| E|CS|TAMS 0x000000008a200000, 0x000000008a200000| Complete 
| 135|0x000000008a300000, 0x000000008a400000, 0x000000008a400000|100%| E|CS|TAMS 0x000000008a300000, 0x000000008a300000| Complete 
| 136|0x000000008a400000, 0x000000008a500000, 0x000000008a500000|100%| E|CS|TAMS 0x000000008a400000, 0x000000008a400000| Complete 
| 137|0x000000008a500000, 0x000000008a600000, 0x000000008a600000|100%| E|CS|TAMS 0x000000008a500000, 0x000000008a500000| Complete 
| 138|0x000000008a600000, 0x000000008a700000, 0x000000008a700000|100%| E|CS|TAMS 0x000000008a600000, 0x000000008a600000| Complete 
| 139|0x000000008a700000, 0x000000008a800000, 0x000000008a800000|100%| E|CS|TAMS 0x000000008a700000, 0x000000008a700000| Complete 
| 140|0x000000008a800000, 0x000000008a900000, 0x000000008a900000|100%| E|CS|TAMS 0x000000008a800000, 0x000000008a800000| Complete 
| 141|0x000000008a900000, 0x000000008aa00000, 0x000000008aa00000|100%| E|CS|TAMS 0x000000008a900000, 0x000000008a900000| Complete 
| 142|0x000000008aa00000, 0x000000008ab00000, 0x000000008ab00000|100%| E|CS|TAMS 0x000000008aa00000, 0x000000008aa00000| Complete 
| 143|0x000000008ab00000, 0x000000008ac00000, 0x000000008ac00000|100%| E|CS|TAMS 0x000000008ab00000, 0x000000008ab00000| Complete 
| 144|0x000000008ac00000, 0x000000008ad00000, 0x000000008ad00000|100%| E|CS|TAMS 0x000000008ac00000, 0x000000008ac00000| Complete 
| 145|0x000000008ad00000, 0x000000008ae00000, 0x000000008ae00000|100%| E|CS|TAMS 0x000000008ad00000, 0x000000008ad00000| Complete 
| 146|0x000000008ae00000, 0x000000008af00000, 0x000000008af00000|100%| E|CS|TAMS 0x000000008ae00000, 0x000000008ae00000| Complete 
| 147|0x000000008af00000, 0x000000008b000000, 0x000000008b000000|100%| E|CS|TAMS 0x000000008af00000, 0x000000008af00000| Complete 
| 148|0x000000008b000000, 0x000000008b100000, 0x000000008b100000|100%| E|CS|TAMS 0x000000008b000000, 0x000000008b000000| Complete 
| 149|0x000000008b100000, 0x000000008b200000, 0x000000008b200000|100%| E|CS|TAMS 0x000000008b100000, 0x000000008b100000| Complete 
| 150|0x000000008b200000, 0x000000008b300000, 0x000000008b300000|100%| E|CS|TAMS 0x000000008b200000, 0x000000008b200000| Complete 
| 151|0x000000008b300000, 0x000000008b400000, 0x000000008b400000|100%| E|CS|TAMS 0x000000008b300000, 0x000000008b300000| Complete 
| 152|0x000000008b400000, 0x000000008b500000, 0x000000008b500000|100%| E|CS|TAMS 0x000000008b400000, 0x000000008b400000| Complete 
| 153|0x000000008b500000, 0x000000008b600000, 0x000000008b600000|100%| E|CS|TAMS 0x000000008b500000, 0x000000008b500000| Complete 

Card table byte_map: [0x0000026f3cdc0000,0x0000026f3d1c0000] _byte_map_base: 0x0000026f3c9b2000

Marking Bits (Prev, Next): (CMBitMap*) 0x0000026f25254700, (CMBitMap*) 0x0000026f252546c8
 Prev Bits: [0x0000026f3f550000, 0x0000026f414e0000)
 Next Bits: [0x0000026f3d5c0000, 0x0000026f3f550000)

Polling page: 0x0000026f23330000

Metaspace:

Usage:
  Non-class:     60.78 MB capacity,    59.61 MB ( 98%) used,   960.42 KB (  2%) free+waste,   240.19 KB ( <1%) overhead. 
      Class:      8.92 MB capacity,     8.18 MB ( 92%) used,   649.13 KB (  7%) free+waste,   110.06 KB (  1%) overhead. 
       Both:     69.70 MB capacity,    67.79 MB ( 97%) used,     1.57 MB (  2%) free+waste,   350.25 KB ( <1%) overhead. 

Virtual space:
  Non-class space:       62.00 MB reserved,      61.00 MB ( 98%) committed 
      Class space:        1.00 GB reserved,       9.00 MB ( <1%) committed 
             Both:        1.06 GB reserved,      70.00 MB (  6%) committed 

Chunk freelists:
   Non-Class:  4.25 KB
       Class:  2.13 KB
        Both:  6.38 KB

CodeHeap 'non-profiled nmethods': size=120000Kb used=8931Kb max_used=9461Kb free=111068Kb
 bounds [0x0000026f35160000, 0x0000026f35aa0000, 0x0000026f3c690000]
CodeHeap 'profiled nmethods': size=120000Kb used=18467Kb max_used=22162Kb free=101533Kb
 bounds [0x0000026f2dc30000, 0x0000026f2f1e0000, 0x0000026f35160000]
CodeHeap 'non-nmethods': size=5760Kb used=1211Kb max_used=1267Kb free=4549Kb
 bounds [0x0000026f2d690000, 0x0000026f2d900000, 0x0000026f2dc30000]
 total_blobs=9831 nmethods=9256 adapters=485
 compilation: enabled
              stopped_count=0, restarted_count=0
 full_count=0

Compilation events (10 events):
Event: 717.106 Thread 0x0000026f448b0000 10774       3       org.postgresql.shaded.com.ongres.stringprep.StringPrep::prohibitionNonAsciiSpace (125 bytes)
Event: 717.107 Thread 0x0000026f448b0000 nmethod 10774 0x0000026f2dcea010 code [0x0000026f2dcea1c0, 0x0000026f2dcea6b8]
Event: 717.109 Thread 0x0000026f448b0000 10775       3       org.jboss.logging.Log4j2Logger::isEnabled (12 bytes)
Event: 717.109 Thread 0x0000026f448b0000 nmethod 10775 0x0000026f2dd03e90 code [0x0000026f2dd04060, 0x0000026f2dd04478]
Event: 717.111 Thread 0x0000026f448b0000 10776       3       org.postgresql.core.v3.QueryExecutorImpl::receiveFields (174 bytes)
Event: 717.112 Thread 0x0000026f448b0000 nmethod 10776 0x0000026f2dd0f510 code [0x0000026f2dd0f7e0, 0x0000026f2dd10578]
Event: 717.112 Thread 0x0000026f448b0000 10777       2       org.springframework.web.context.request.async.WebAsyncUtils::getAsyncManager (48 bytes)
Event: 717.112 Thread 0x0000026f448b0000 nmethod 10777 0x0000026f2dce7790 code [0x0000026f2dce7960, 0x0000026f2dce7bc8]
Event: 717.117 Thread 0x0000026f448b0000 10778       3       org.postgresql.PGProperty::getBoolean (9 bytes)
Event: 717.118 Thread 0x0000026f448b0000 nmethod 10778 0x0000026f2dce9990 code [0x0000026f2dce9b60, 0x0000026f2dce9e38]

GC Heap History (10 events):
Event: 534.396 GC heap before
{Heap before GC invocations=24 (full 0):
 garbage-first heap   total 157696K, used 113891K [0x0000000081c00000, 0x0000000100000000)
  region size 1024K, 92 young (94208K), 6 survivors (6144K)
 Metaspace       used 68886K, capacity 70854K, committed 71040K, reserved 1112064K
  class space    used 8307K, capacity 9050K, committed 9088K, reserved 1048576K
}
Event: 534.404 GC heap after
{Heap after GC invocations=25 (full 0):
 garbage-first heap   total 157696K, used 26692K [0x0000000081c00000, 0x0000000100000000)
  region size 1024K, 6 young (6144K), 6 survivors (6144K)
 Metaspace       used 68886K, capacity 70854K, committed 71040K, reserved 1112064K
  class space    used 8307K, capacity 9050K, committed 9088K, reserved 1048576K
}
Event: 559.255 GC heap before
{Heap before GC invocations=25 (full 0):
 garbage-first heap   total 157696K, used 113732K [0x0000000081c00000, 0x0000000100000000)
  region size 1024K, 92 young (94208K), 6 survivors (6144K)
 Metaspace       used 68891K, capacity 70854K, committed 71040K, reserved 1112064K
  class space    used 8308K, capacity 9050K, committed 9088K, reserved 1048576K
}
Event: 559.263 GC heap after
{Heap after GC invocations=26 (full 0):
 garbage-first heap   total 157696K, used 26700K [0x0000000081c00000, 0x0000000100000000)
  region size 1024K, 6 young (6144K), 6 survivors (6144K)
 Metaspace       used 68891K, capacity 70854K, committed 71040K, reserved 1112064K
  class space    used 8308K, capacity 9050K, committed 9088K, reserved 1048576K
}
Event: 585.796 GC heap before
{Heap before GC invocations=26 (full 0):
 garbage-first heap   total 157696K, used 113740K [0x0000000081c00000, 0x0000000100000000)
  region size 1024K, 92 young (94208K), 6 survivors (6144K)
 Metaspace       used 68914K, capacity 70886K, committed 71040K, reserved 1112064K
  class space    used 8313K, capacity 9082K, committed 9088K, reserved 1048576K
}
Event: 585.805 GC heap after
{Heap after GC invocations=27 (full 0):
 garbage-first heap   total 157696K, used 26711K [0x0000000081c00000, 0x0000000100000000)
  region size 1024K, 6 young (6144K), 6 survivors (6144K)
 Metaspace       used 68914K, capacity 70886K, committed 71040K, reserved 1112064K
  class space    used 8313K, capacity 9082K, committed 9088K, reserved 1048576K
}
Event: 612.683 GC heap before
{Heap before GC invocations=27 (full 0):
 garbage-first heap   total 157696K, used 113751K [0x0000000081c00000, 0x0000000100000000)
  region size 1024K, 92 young (94208K), 6 survivors (6144K)
 Metaspace       used 68918K, capacity 70886K, committed 71040K, reserved 1112064K
  class space    used 8315K, capacity 9082K, committed 9088K, reserved 1048576K
}
Event: 612.693 GC heap after
{Heap after GC invocations=28 (full 0):
 garbage-first heap   total 157696K, used 26810K [0x0000000081c00000, 0x0000000100000000)
  region size 1024K, 5 young (5120K), 5 survivors (5120K)
 Metaspace       used 68918K, capacity 70886K, committed 71040K, reserved 1112064K
  class space    used 8315K, capacity 9082K, committed 9088K, reserved 1048576K
}
Event: 639.752 GC heap before
{Heap before GC invocations=28 (full 0):
 garbage-first heap   total 157696K, used 115898K [0x0000000081c00000, 0x0000000100000000)
  region size 1024K, 92 young (94208K), 5 survivors (5120K)
 Metaspace       used 68933K, capacity 70886K, committed 71040K, reserved 1112064K
  class space    used 8316K, capacity 9082K, committed 9088K, reserved 1048576K
}
Event: 639.769 GC heap after
{Heap after GC invocations=29 (full 0):
 garbage-first heap   total 157696K, used 26840K [0x0000000081c00000, 0x0000000100000000)
  region size 1024K, 2 young (2048K), 2 survivors (2048K)
 Metaspace       used 68933K, capacity 70886K, committed 71040K, reserved 1112064K
  class space    used 8316K, capacity 9082K, committed 9088K, reserved 1048576K
}

Deoptimization events (10 events):
Event: 694.806 Thread 0x0000026f4b030800 Uncommon trap: reason=unloaded action=reinterpret pc=0x0000026f35a43234 method=org.springframework.orm.jpa.JpaTransactionManager.doBegin(Ljava/lang/Object;Lorg/springframework/transaction/TransactionDefinition;)V @ 412 c2
Event: 694.806 Thread 0x0000026f4b02a000 Uncommon trap: reason=unloaded action=reinterpret pc=0x0000026f35a43234 method=org.springframework.orm.jpa.JpaTransactionManager.doBegin(Ljava/lang/Object;Lorg/springframework/transaction/TransactionDefinition;)V @ 412 c2
Event: 694.806 Thread 0x0000026f4b02c800 Uncommon trap: reason=unloaded action=reinterpret pc=0x0000026f35a43234 method=org.springframework.orm.jpa.JpaTransactionManager.doBegin(Ljava/lang/Object;Lorg/springframework/transaction/TransactionDefinition;)V @ 412 c2
Event: 694.820 Thread 0x0000026f4b90b800 Uncommon trap: reason=unloaded action=reinterpret pc=0x0000026f35a43234 method=org.springframework.orm.jpa.JpaTransactionManager.doBegin(Ljava/lang/Object;Lorg/springframework/transaction/TransactionDefinition;)V @ 412 c2
Event: 716.660 Thread 0x0000026f4b032000 Uncommon trap: reason=unstable_if action=reinterpret pc=0x0000026f356c06c4 method=org.postgresql.core.v3.QueryExecutorImpl.processResults(Lorg/postgresql/core/ResultHandler;I)V @ 925 c2
Event: 716.716 Thread 0x0000026f4b032000 Uncommon trap: reason=class_check action=maybe_recompile pc=0x0000026f35712040 method=sun.nio.cs.ThreadLocalCoders$2.hasName(Ljava/lang/Object;Ljava/lang/Object;)Z @ 1 c2
Event: 716.734 Thread 0x0000026f4b02b000 Uncommon trap: reason=unstable_if action=reinterpret pc=0x0000026f354218fc method=org.apache.catalina.core.StandardWrapperValve.invoke(Lorg/apache/catalina/connector/Request;Lorg/apache/catalina/connector/Response;)V @ 889 c2
Event: 716.769 Thread 0x0000026f4b032000 Uncommon trap: reason=class_check action=maybe_recompile pc=0x0000026f35712040 method=sun.nio.cs.ThreadLocalCoders$2.hasName(Ljava/lang/Object;Ljava/lang/Object;)Z @ 1 c2
Event: 716.823 Thread 0x0000026f4b032000 Uncommon trap: reason=class_check action=maybe_recompile pc=0x0000026f35712040 method=sun.nio.cs.ThreadLocalCoders$2.hasName(Ljava/lang/Object;Ljava/lang/Object;)Z @ 1 c2
Event: 716.892 Thread 0x0000026f4b032000 Uncommon trap: reason=class_check action=maybe_recompile pc=0x0000026f35712040 method=sun.nio.cs.ThreadLocalCoders$2.hasName(Ljava/lang/Object;Ljava/lang/Object;)Z @ 1 c2

Classes redefined (0 events):
No events

Internal exceptions (10 events):
Event: 663.763 Thread 0x0000026f4b90e800 Implicit null exception at 0x0000026f35a0135c to 0x0000026f35a01414
Event: 663.764 Thread 0x0000026f4b90e000 Implicit null exception at 0x0000026f357dec6a to 0x0000026f357ded09
Event: 663.766 Thread 0x0000026f4b031800 Implicit null exception at 0x0000026f35a0135c to 0x0000026f35a01414
Event: 663.829 Thread 0x0000026f4b90a000 Implicit null exception at 0x0000026f35915dfe to 0x0000026f3591680c
Event: 663.829 Thread 0x0000026f4b90e000 Implicit null exception at 0x0000026f35915dfe to 0x0000026f3591680c
Event: 663.830 Thread 0x0000026f4b90e800 Implicit null exception at 0x0000026f3581e4ce to 0x0000026f3581e8fc
Event: 664.028 Thread 0x0000026f4b031800 Implicit null exception at 0x0000026f357a2770 to 0x0000026f357a2c10
Event: 664.028 Thread 0x0000026f4b90a000 Implicit null exception at 0x0000026f357a2770 to 0x0000026f357a2c10
Event: 664.028 Thread 0x0000026f4b909000 Implicit null exception at 0x0000026f3577f1d4 to 0x0000026f3577f214
Event: 664.237 Thread 0x0000026f4b031800 Implicit null exception at 0x0000026f35648be9 to 0x0000026f35648f6c

Events (10 events):
Event: 717.075 Executing VM operation: RevokeBias
Event: 717.075 Executing VM operation: RevokeBias done
Event: 717.087 Executing VM operation: RevokeBias
Event: 717.087 Executing VM operation: RevokeBias done
Event: 717.088 Executing VM operation: RevokeBias
Event: 717.088 Executing VM operation: RevokeBias done
Event: 717.088 Executing VM operation: RevokeBias
Event: 717.088 Executing VM operation: RevokeBias done
Event: 717.090 Executing VM operation: RevokeBias
Event: 717.090 Executing VM operation: RevokeBias done


Dynamic libraries:
0x00007ff7ba580000 - 0x00007ff7ba58f000 	C:\Program Files\Java\jdk-11.0.10\bin\java.exe
0x00007ff8512a0000 - 0x00007ff851490000 	C:\Windows\SYSTEM32\ntdll.dll
0x00007ff84f850000 - 0x00007ff84f902000 	C:\Windows\System32\KERNEL32.DLL
0x00007ff84e1e0000 - 0x00007ff84e485000 	C:\Windows\System32\KERNELBASE.dll
0x00007ff84ed40000 - 0x00007ff84ee3a000 	C:\Windows\System32\ucrtbase.dll
0x00007ff841e20000 - 0x00007ff841e35000 	C:\Program Files\Java\jdk-11.0.10\bin\VCRUNTIME140.dll
0x00007ff841e40000 - 0x00007ff841e58000 	C:\Program Files\Java\jdk-11.0.10\bin\jli.dll
0x00007ff84f910000 - 0x00007ff84f9b3000 	C:\Windows\System32\ADVAPI32.dll
0x00007ff84f7b0000 - 0x00007ff84f84e000 	C:\Windows\System32\msvcrt.dll
0x00007ff850eb0000 - 0x00007ff850f47000 	C:\Windows\System32\sechost.dll
0x00007ff850d90000 - 0x00007ff850eaf000 	C:\Windows\System32\RPCRT4.dll
0x00007ff851000000 - 0x00007ff851194000 	C:\Windows\System32\USER32.dll
0x00007ff84ec60000 - 0x00007ff84ec81000 	C:\Windows\System32\win32u.dll
0x00007ff850970000 - 0x00007ff850996000 	C:\Windows\System32\GDI32.dll
0x00007ff83a930000 - 0x00007ff83abb4000 	C:\Windows\WinSxS\amd64_microsoft.windows.common-controls_6595b64144ccf1df_6.0.18362.1556_none_9e7e372fe45e41d5\COMCTL32.dll
0x00007ff84ef70000 - 0x00007ff84f108000 	C:\Windows\System32\gdi32full.dll
0x00007ff84ee40000 - 0x00007ff84eede000 	C:\Windows\System32\msvcp_win.dll
0x00007ff8501c0000 - 0x00007ff8504f6000 	C:\Windows\System32\combase.dll
0x00007ff84ec90000 - 0x00007ff84ed11000 	C:\Windows\System32\bcryptPrimitives.dll
0x00007ff848e60000 - 0x00007ff848e6a000 	C:\Windows\SYSTEM32\VERSION.dll
0x00007ff8511a0000 - 0x00007ff8511ce000 	C:\Windows\System32\IMM32.DLL
0x00007ff841d80000 - 0x00007ff841e1b000 	C:\Program Files\Java\jdk-11.0.10\bin\msvcp140.dll
0x00007fffe1120000 - 0x00007fffe1c1b000 	C:\Program Files\Java\jdk-11.0.10\bin\server\jvm.dll
0x00007ff84f440000 - 0x00007ff84f448000 	C:\Windows\System32\PSAPI.DLL
0x00007ff835cd0000 - 0x00007ff835cd9000 	C:\Windows\SYSTEM32\WSOCK32.dll
0x00007ff84bdc0000 - 0x00007ff84bde4000 	C:\Windows\SYSTEM32\WINMM.dll
0x0000026f24970000 - 0x0000026f249df000 	C:\Windows\System32\ws2_32.DLL
0x00007ff84bc50000 - 0x00007ff84bc7d000 	C:\Windows\SYSTEM32\WINMMBASE.dll
0x00007ff84e490000 - 0x00007ff84e4da000 	C:\Windows\System32\cfgmgr32.dll
0x00007ff84e130000 - 0x00007ff84e141000 	C:\Windows\System32\kernel.appcore.dll
0x00007ff841d70000 - 0x00007ff841d80000 	C:\Program Files\Java\jdk-11.0.10\bin\verify.dll
0x00007ff84c9e0000 - 0x00007ff84cbd4000 	C:\Windows\SYSTEM32\DBGHELP.DLL
0x00007ff839800000 - 0x00007ff83982a000 	C:\Windows\SYSTEM32\dbgcore.DLL
0x00007ff841d40000 - 0x00007ff841d68000 	C:\Program Files\Java\jdk-11.0.10\bin\java.dll
0x00007ff841cf0000 - 0x00007ff841cfa000 	C:\Program Files\Java\jdk-11.0.10\bin\jimage.dll
0x00007ff849af0000 - 0x00007ff849afe000 	C:\Program Files\Java\jdk-11.0.10\bin\instrument.dll
0x00007ff80c1d0000 - 0x00007ff80c1e6000 	C:\Program Files\Java\jdk-11.0.10\bin\zip.dll
0x00007ff84fa40000 - 0x00007ff850127000 	C:\Windows\System32\SHELL32.dll
0x00007ff84f320000 - 0x00007ff84f3c8000 	C:\Windows\System32\shcore.dll
0x00007ff84e4e0000 - 0x00007ff84ec5b000 	C:\Windows\System32\windows.storage.dll
0x00007ff84e170000 - 0x00007ff84e18e000 	C:\Windows\System32\profapi.dll
0x00007ff84e190000 - 0x00007ff84e1da000 	C:\Windows\System32\powrprof.dll
0x00007ff84e120000 - 0x00007ff84e130000 	C:\Windows\System32\UMPDC.dll
0x00007ff84f6d0000 - 0x00007ff84f722000 	C:\Windows\System32\shlwapi.dll
0x00007ff84ed20000 - 0x00007ff84ed37000 	C:\Windows\System32\cryptsp.dll
0x00007ff811ab0000 - 0x00007ff811ac9000 	C:\Program Files\Java\jdk-11.0.10\bin\net.dll
0x00007ff8481c0000 - 0x00007ff8482ba000 	C:\Windows\SYSTEM32\WINHTTP.dll
0x00007ff84d910000 - 0x00007ff84d977000 	C:\Windows\system32\mswsock.dll
0x00007ff811a90000 - 0x00007ff811aa2000 	C:\Program Files\Java\jdk-11.0.10\bin\nio.dll
0x00007ff849110000 - 0x00007ff84912a000 	D:\program files\JetBrains\IntelliJ IDEA Community Edition 2022.1.4\bin\breakgen64.dll
0x00007ff849100000 - 0x00007ff849109000 	C:\Program Files\Java\jdk-11.0.10\bin\management.dll
0x00007ff8490f0000 - 0x00007ff8490fb000 	C:\Program Files\Java\jdk-11.0.10\bin\management_ext.dll
0x00007ff845f20000 - 0x00007ff845f36000 	C:\Windows\system32\napinsp.dll
0x00007ff845e70000 - 0x00007ff845e8a000 	C:\Windows\system32\pnrpnsp.dll
0x00007ff84d670000 - 0x00007ff84d73b000 	C:\Windows\SYSTEM32\DNSAPI.dll
0x00007ff84f9c0000 - 0x00007ff84f9c8000 	C:\Windows\System32\NSI.dll
0x00007ff84d630000 - 0x00007ff84d66a000 	C:\Windows\SYSTEM32\IPHLPAPI.DLL
0x00007ff8482c0000 - 0x00007ff8482ce000 	C:\Windows\System32\winrnr.dll
0x00007ff84a260000 - 0x00007ff84a27c000 	C:\Windows\system32\NLAapi.dll
0x00007ff81af90000 - 0x00007ff81afa5000 	C:\Windows\system32\wshbth.dll
0x00007ff8465d0000 - 0x00007ff8465da000 	C:\Windows\System32\rasadhlp.dll
0x00007ff847410000 - 0x00007ff847487000 	C:\Windows\System32\fwpuclnt.dll
0x00007ff84eee0000 - 0x00007ff84ef06000 	C:\Windows\System32\bcrypt.dll
0x00007ff84d4a0000 - 0x00007ff84d4d3000 	C:\Windows\system32\rsaenh.dll
0x00007ff84e010000 - 0x00007ff84e035000 	C:\Windows\SYSTEM32\USERENV.dll
0x00007ff84da90000 - 0x00007ff84da9c000 	C:\Windows\SYSTEM32\CRYPTBASE.dll
0x00007ff848df0000 - 0x00007ff848e06000 	C:\Windows\SYSTEM32\dhcpcsvc6.DLL
0x00007ff847840000 - 0x00007ff84785c000 	C:\Windows\SYSTEM32\dhcpcsvc.DLL
0x00007ff8490e0000 - 0x00007ff8490ed000 	C:\Program Files\Java\jdk-11.0.10\bin\sunmscapi.dll
0x00007ff84f110000 - 0x00007ff84f261000 	C:\Windows\System32\CRYPT32.dll
0x00007ff84e150000 - 0x00007ff84e162000 	C:\Windows\System32\MSASN1.dll
0x00007ff84dc40000 - 0x00007ff84dc66000 	C:\Windows\SYSTEM32\ncrypt.dll
0x00007ff84dc00000 - 0x00007ff84dc3b000 	C:\Windows\SYSTEM32\NTASN1.dll
0x00007ff8490b0000 - 0x00007ff8490d5000 	C:\Program Files\Java\jdk-11.0.10\bin\sunec.dll

dbghelp: loaded successfully - version: 4.0.5 - missing functions: none
symbol engine: initialized successfully - sym options: 0x614 - pdb path: .;C:\Program Files\Java\jdk-11.0.10\bin;C:\Windows\SYSTEM32;C:\Windows\WinSxS\amd64_microsoft.windows.common-controls_6595b64144ccf1df_6.0.18362.1556_none_9e7e372fe45e41d5;C:\Program Files\Java\jdk-11.0.10\bin\server;D:\program files\JetBrains\IntelliJ IDEA Community Edition 2022.1.4\bin

VM Arguments:
jvm_args: -javaagent:D:\Program Files\JetBrains\IntelliJ IDEA Community Edition 2022.1.4\lib\idea_rt.jar=58598:D:\program files\JetBrains\IntelliJ IDEA Community Edition 2022.1.4\bin -Dfile.encoding=UTF-8 
java_command: com.questApp.QuestAppApplication
java_class_path (initial): D:\Projects\QuestApp\target\classes;C:\Users\user\.m2\repository\org\springframework\boot\spring-boot-starter-data-jpa\2.5.2\spring-boot-starter-data-jpa-2.5.2.jar;C:\Users\user\.m2\repository\org\springframework\boot\spring-boot-starter-aop\2.5.2\spring-boot-starter-aop-2.5.2.jar;C:\Users\user\.m2\repository\org\springframework\spring-aop\5.3.8\spring-aop-5.3.8.jar;C:\Users\user\.m2\repository\org\aspectj\aspectjweaver\1.9.6\aspectjweaver-1.9.6.jar;C:\Users\user\.m2\repository\org\springframework\boot\spring-boot-starter-jdbc\2.5.2\spring-boot-starter-jdbc-2.5.2.jar;C:\Users\user\.m2\repository\com\zaxxer\HikariCP\4.0.3\HikariCP-4.0.3.jar;C:\Users\user\.m2\repository\org\springframework\spring-jdbc\5.3.8\spring-jdbc-5.3.8.jar;C:\Users\user\.m2\repository\jakarta\transaction\jakarta.transaction-api\1.3.3\jakarta.transaction-api-1.3.3.jar;C:\Users\user\.m2\repository\jakarta\persistence\jakarta.persistence-api\2.2.3\jakarta.persistence-api-2.2.3.jar;C:\Users\user\.m2\repository\org\hibernate\hibernate-core\5.4.32.Final\hibernate-core-5.4.32.Final.jar;C:\Users\user\.m2\repository\org\jboss\logging\jboss-logging\3.4.2.Final\jboss-logging-3.4.2.Final.jar;C:\Users\user\.m2\repository\org\javassist\javassist\3.27.0-GA\javassist-3.27.0-GA.jar;C:\Users\user\.m2\repository\net\bytebuddy\byte-buddy\1.10.22\byte-buddy-1.10.22.jar;C:\Users\user\.m2\repository\antlr\antlr\2.7.7\antlr-2.7.7.jar;C:\Users\user\.m2\repository\org\jboss\jandex\2.2.3.Final\jandex-2.2.3.Final.jar;C:\Users\user\.m2\repository\com\fasterxml\classmate\1.5.1\classmate-1.5.1.jar;C:\Users\user\.m2\repository\org\dom4j\dom4j\2.1.3\dom4j-2.1.3.jar;C:\Users\user\.m2\repository\org\hibernate\common\hibernate-commons-annotations\5.1.2.Final\hibernate-commons-annotations-5.1.2.Final.jar;C:\Users\user\.m2\repository\org\glassfish\jaxb\jaxb-runtime\2.3.4\jaxb-runtime-2.3.4.jar;C:\Users\user\.m2\repository\org\glassfish\jaxb\txw2\2.3.4\txw2-2.3.4.jar;C:\Users\user\.m2\repository\com\sun\i
Launcher Type: SUN_STANDARD

[Global flags]
     intx CICompilerCount                          = 4                                         {product} {ergonomic}
     uint ConcGCThreads                            = 2                                         {product} {ergonomic}
     uint G1ConcRefinementThreads                  = 8                                         {product} {ergonomic}
   size_t G1HeapRegionSize                         = 1048576                                   {product} {ergonomic}
    uintx GCDrainStackTargetSize                   = 64                                        {product} {ergonomic}
   size_t InitialHeapSize                          = 134217728                                 {product} {ergonomic}
   size_t MarkStackSize                            = 4194304                                   {product} {ergonomic}
   size_t MaxHeapSize                              = 2118123520                                {product} {ergonomic}
   size_t MaxNewSize                               = 1270874112                                {product} {ergonomic}
   size_t MinHeapDeltaBytes                        = 1048576                                   {product} {ergonomic}
    uintx NonNMethodCodeHeapSize                   = 5836300                                {pd product} {ergonomic}
    uintx NonProfiledCodeHeapSize                  = 122910970                              {pd product} {ergonomic}
    uintx ProfiledCodeHeapSize                     = 122910970                              {pd product} {ergonomic}
    uintx ReservedCodeCacheSize                    = 251658240                              {pd product} {ergonomic}
     bool SegmentedCodeCache                       = true                                      {product} {ergonomic}
     bool UseCompressedClassPointers               = true                                 {lp64_product} {ergonomic}
     bool UseCompressedOops                        = true                                 {lp64_product} {ergonomic}
     bool UseG1GC                                  = true                                      {product} {ergonomic}
     bool UseLargePagesIndividualAllocation        = false                                  {pd product} {ergonomic}

Logging:
Log output configuration:
 #0: stdout all=warning uptime,level,tags
 #1: stderr all=off uptime,level,tags

Environment Variables:
PATH=C:\Program Files\Common Files\Oracle\Java\javapath;C:\ProgramData\Oracle\Java\javapath;C:\Windows\system32;C:\Windows;C:\Windows\System32\Wbem;C:\Windows\System32\WindowsPowerShell\v1.0\;C:\Windows\System32\OpenSSH\;C:\Program Files\MySQL\MySQL Server 5.7\bin;C:\Program Files\Microsoft SQL Server\150\Tools\Binn\;C:\Program Files\Microsoft SQL Server\Client SDK\ODBC\170\Tools\Binn\;C:\Program Files (x86)\Microsoft SQL Server\150\Tools\Binn\;C:\Program Files\Microsoft SQL Server\150\DTS\Binn\;D:\Program Files\nodejs\;D:\Program Files\Git\cmd;C:\Program Files (x86)\dotnet\;C:\Users\user\AppData\Local\Programs\Python\Python38-32\Scripts\;C:\Users\user\AppData\Local\Programs\Python\Python38-32\;C:\Users\user\AppData\Local\Microsoft\WindowsApps;;C:\Program Files\JetBrains\IntelliJ IDEA 2021.3.2\bin;;C:\Program Files\JetBrains\IntelliJ IDEA Community Edition 2021.3.2\bin;;D:\Users\user\AppData\Local\Programs\Microsoft VS Code\bin;C:\Users\user\AppData\Roaming\npm
USERNAME=user
OS=Windows_NT
PROCESSOR_IDENTIFIER=Intel64 Family 6 Model 142 Stepping 12, GenuineIntel



---------------  S Y S T E M  ---------------

OS: Windows 10 , 64 bit Build 18362 (10.0.18362.1500)
Hyper-V role detected

CPU:total 8 (initial active 8) (4 cores per cpu, 2 threads per core) family 6 model 142 stepping 12 microcode 0xde, cmov, cx8, fxsr, mmx, sse, sse2, sse3, ssse3, sse4.1, sse4.2, popcnt, avx, avx2, aes, clmul, erms, 3dnowpref, lzcnt, ht, tsc, tscinvbit, bmi1, bmi2, adx, fma

Memory: 4k page, system-wide physical 8078M (373M free)
TotalPageFile size 23260M (AvailPageFile size 39M)
current process WorkingSet (physical memory assigned to process): 287M, peak: 344M
current process commit charge ("private bytes"): 416M, peak: 417M

vm_info: Java HotSpot(TM) 64-Bit Server VM (11.0.10+8-LTS-162) for windows-amd64 JRE (11.0.10+8-LTS-162), built on Dec  8 2020 16:32:57 by "mach5one" with MS VC++ 15.9 (VS2017)

END.
